{"/home/jfvilladiego/node_projects/whastapp-api/src/config.ts": {"path":"/home/jfvilladiego/node_projects/whastapp-api/src/config.ts","statementMap":{"0":{"start":{"line":5,"column":0},"end":{"line":23,"column":1}},"1":{"start":{"line":9,"column":4},"end":{"line":11,"column":7}},"2":{"start":{"line":12,"column":4},"end":{"line":12,"column":10}},"3":{"start":{"line":14,"column":4},"end":{"line":16,"column":7}},"4":{"start":{"line":17,"column":4},"end":{"line":17,"column":10}},"5":{"start":{"line":19,"column":4},"end":{"line":21,"column":7}},"6":{"start":{"line":22,"column":4},"end":{"line":22,"column":10}}},"fnMap":{},"branchMap":{"0":{"loc":{"start":{"line":5,"column":0},"end":{"line":23,"column":1}},"type":"switch","locations":[{"start":{"line":6,"column":2},"end":{"line":6,"column":17}},{"start":{"line":7,"column":2},"end":{"line":7,"column":23}},{"start":{"line":8,"column":2},"end":{"line":12,"column":10}},{"start":{"line":13,"column":2},"end":{"line":17,"column":10}},{"start":{"line":18,"column":2},"end":{"line":22,"column":10}}],"line":5},"1":{"loc":{"start":{"line":10,"column":31},"end":{"line":10,"column":84}},"type":"cond-expr","locations":[{"start":{"line":10,"column":55},"end":{"line":10,"column":72}},{"start":{"line":10,"column":75},"end":{"line":10,"column":84}}],"line":10}},"s":{"0":1,"1":1,"2":1,"3":0,"4":0,"5":0,"6":0},"f":{},"b":{"0":[0,0,1,0,0],"1":[0,1]},"_coverageSchema":"1a1c01bbd47fc00a2c39e90264f33305004495a9","hash":"32ae637229b8fafc27b8b6585f633f4105f0744b"}
,"/home/jfvilladiego/node_projects/whastapp-api/src/injector.ts": {"path":"/home/jfvilladiego/node_projects/whastapp-api/src/injector.ts","statementMap":{},"fnMap":{},"branchMap":{},"s":{},"f":{},"b":{},"_coverageSchema":"1a1c01bbd47fc00a2c39e90264f33305004495a9","hash":"2b07a1bdd63332a5a9db5f8ab390a369ca9fc5ef"}
,"/home/jfvilladiego/node_projects/whastapp-api/src/constants/enviroments_contants.ts": {"path":"/home/jfvilladiego/node_projects/whastapp-api/src/constants/enviroments_contants.ts","statementMap":{"0":{"start":{"line":2,"column":2},"end":{"line":2,"column":140}},"1":{"start":{"line":4,"column":19},"end":{"line":9,"column":1}}},"fnMap":{},"branchMap":{},"s":{"0":1,"1":1},"f":{},"b":{},"_coverageSchema":"1a1c01bbd47fc00a2c39e90264f33305004495a9","hash":"04d3364e852affe6f4d39b7f6827988703c0d3a2"}
,"/home/jfvilladiego/node_projects/whastapp-api/src/graphql/context_config.ts": {"path":"/home/jfvilladiego/node_projects/whastapp-api/src/graphql/context_config.ts","statementMap":{"0":{"start":{"line":1,"column":20},"end":{"line":1,"column":35}},"1":{"start":{"line":3,"column":23},"end":{"line":19,"column":1}},"2":{"start":{"line":4,"column":20},"end":{"line":4,"column":44}},"3":{"start":{"line":6,"column":2},"end":{"line":18,"column":3}},"4":{"start":{"line":7,"column":24},"end":{"line":12,"column":5}},"5":{"start":{"line":13,"column":4},"end":{"line":15,"column":5}},"6":{"start":{"line":17,"column":4},"end":{"line":17,"column":74}}},"fnMap":{"0":{"name":"(anonymous_0)","decl":{"start":{"line":3,"column":23},"end":{"line":3,"column":24}},"loc":{"start":{"line":3,"column":47},"end":{"line":19,"column":1}},"line":3}},"branchMap":{},"s":{"0":1,"1":1,"2":1,"3":1,"4":1,"5":1,"6":0},"f":{"0":1},"b":{},"_coverageSchema":"1a1c01bbd47fc00a2c39e90264f33305004495a9","hash":"2f18498a3a48fd0a880ba9efa2e4990c443906c3"}
,"/home/jfvilladiego/node_projects/whastapp-api/src/graphql/resolvers_map.ts": {"path":"/home/jfvilladiego/node_projects/whastapp-api/src/graphql/resolvers_map.ts","statementMap":{"0":{"start":{"line":8,"column":32},"end":{"line":8,"column":77}}},"fnMap":{},"branchMap":{},"s":{"0":1},"f":{},"b":{},"_coverageSchema":"1a1c01bbd47fc00a2c39e90264f33305004495a9","hash":"fdd26348d46fa3238bd28fbb289ce093d499dae1"}
,"/home/jfvilladiego/node_projects/whastapp-api/src/graphql/schemas_map.ts": {"path":"/home/jfvilladiego/node_projects/whastapp-api/src/graphql/schemas_map.ts","statementMap":{"0":{"start":{"line":11,"column":15},"end":{"line":14,"column":2}}},"fnMap":{},"branchMap":{},"s":{"0":1},"f":{},"b":{},"_coverageSchema":"1a1c01bbd47fc00a2c39e90264f33305004495a9","hash":"c172d44b95fa3e42bcf47c1a42490a1337295ac4"}
,"/home/jfvilladiego/node_projects/whastapp-api/src/graphql/resolvers/auth_resolver.ts": {"path":"/home/jfvilladiego/node_projects/whastapp-api/src/graphql/resolvers/auth_resolver.ts","statementMap":{"0":{"start":{"line":8,"column":40},"end":{"line":33,"column":1}},"1":{"start":{"line":11,"column":6},"end":{"line":11,"column":31}},"2":{"start":{"line":12,"column":6},"end":{"line":12,"column":23}},"3":{"start":{"line":13,"column":6},"end":{"line":13,"column":25}},"4":{"start":{"line":14,"column":37},"end":{"line":14,"column":51}},"5":{"start":{"line":15,"column":26},"end":{"line":15,"column":43}},"6":{"start":{"line":17,"column":6},"end":{"line":17,"column":48}},"7":{"start":{"line":22,"column":6},"end":{"line":30,"column":7}},"8":{"start":{"line":23,"column":37},"end":{"line":23,"column":50}},"9":{"start":{"line":24,"column":28},"end":{"line":24,"column":45}},"10":{"start":{"line":26,"column":8},"end":{"line":26,"column":53}},"11":{"start":{"line":29,"column":8},"end":{"line":29,"column":59}}},"fnMap":{"0":{"name":"(anonymous_0)","decl":{"start":{"line":10,"column":4},"end":{"line":10,"column":5}},"loc":{"start":{"line":10,"column":51},"end":{"line":18,"column":5}},"line":10},"1":{"name":"(anonymous_1)","decl":{"start":{"line":21,"column":4},"end":{"line":21,"column":5}},"loc":{"start":{"line":21,"column":54},"end":{"line":31,"column":5}},"line":21}},"branchMap":{},"s":{"0":1,"1":0,"2":0,"3":0,"4":0,"5":0,"6":0,"7":0,"8":0,"9":0,"10":0,"11":0},"f":{"0":0,"1":0},"b":{},"_coverageSchema":"1a1c01bbd47fc00a2c39e90264f33305004495a9","hash":"bd47b10277f65a9359ef52e0f533a64362cfd59c"}
,"/home/jfvilladiego/node_projects/whastapp-api/src/graphql/resolvers/healt_resolver.ts": {"path":"/home/jfvilladiego/node_projects/whastapp-api/src/graphql/resolvers/healt_resolver.ts","statementMap":{"0":{"start":{"line":5,"column":41},"end":{"line":20,"column":1}},"1":{"start":{"line":8,"column":6},"end":{"line":10,"column":7}},"2":{"start":{"line":15,"column":6},"end":{"line":17,"column":7}}},"fnMap":{"0":{"name":"(anonymous_0)","decl":{"start":{"line":7,"column":4},"end":{"line":7,"column":5}},"loc":{"start":{"line":7,"column":71},"end":{"line":11,"column":5}},"line":7},"1":{"name":"(anonymous_1)","decl":{"start":{"line":14,"column":25},"end":{"line":14,"column":26}},"loc":{"start":{"line":14,"column":95},"end":{"line":18,"column":5}},"line":14}},"branchMap":{},"s":{"0":1,"1":1,"2":0},"f":{"0":1,"1":0},"b":{},"_coverageSchema":"1a1c01bbd47fc00a2c39e90264f33305004495a9","hash":"246fa0fdf1b4794881ac5f4bf21503e6e235d694"}
,"/home/jfvilladiego/node_projects/whastapp-api/src/graphql/schemas/empty.graphql": {"path":"/home/jfvilladiego/node_projects/whastapp-api/src/graphql/schemas/empty.graphql","statementMap":{"0":{"start":{"line":2,"column":14},"end":{"line":2,"column":1138}},"1":{"start":{"line":3,"column":4},"end":{"line":3,"column":260}},"2":{"start":{"line":6,"column":16},"end":{"line":6,"column":18}},"3":{"start":{"line":8,"column":6},"end":{"line":19,"column":7}},"4":{"start":{"line":10,"column":10},"end":{"line":10,"column":61}},"5":{"start":{"line":10,"column":49},"end":{"line":10,"column":61}},"6":{"start":{"line":11,"column":21},"end":{"line":11,"column":35}},"7":{"start":{"line":12,"column":10},"end":{"line":17,"column":11}},"8":{"start":{"line":13,"column":12},"end":{"line":13,"column":25}},"9":{"start":{"line":15,"column":12},"end":{"line":15,"column":31}},"10":{"start":{"line":16,"column":12},"end":{"line":16,"column":24}},"11":{"start":{"line":23,"column":6},"end":{"line":23,"column":27}}},"fnMap":{"0":{"name":"unique","decl":{"start":{"line":7,"column":13},"end":{"line":7,"column":19}},"loc":{"start":{"line":7,"column":26},"end":{"line":20,"column":5}},"line":7},"1":{"name":"(anonymous_1)","decl":{"start":{"line":9,"column":8},"end":{"line":9,"column":9}},"loc":{"start":{"line":9,"column":22},"end":{"line":18,"column":9}},"line":9}},"branchMap":{"0":{"loc":{"start":{"line":10,"column":10},"end":{"line":10,"column":61}},"type":"if","locations":[{"start":{"line":10,"column":10},"end":{"line":10,"column":61}},{"start":{"line":10,"column":10},"end":{"line":10,"column":61}}],"line":10},"1":{"loc":{"start":{"line":12,"column":10},"end":{"line":17,"column":11}},"type":"if","locations":[{"start":{"line":12,"column":10},"end":{"line":17,"column":11}},{"start":{"line":12,"column":10},"end":{"line":17,"column":11}}],"line":12}},"s":{"0":1,"1":1,"2":1,"3":0,"4":0,"5":0,"6":0,"7":0,"8":0,"9":0,"10":0,"11":1},"f":{"0":0,"1":0},"b":{"0":[0,0],"1":[0,0]},"inputSourceMap":null,"_coverageSchema":"1a1c01bbd47fc00a2c39e90264f33305004495a9","hash":"c633529d25088862d1f51d2c2d2926c163f3072b"}
,"/home/jfvilladiego/node_projects/whastapp-api/src/graphql/schemas/auth/login.graphql": {"path":"/home/jfvilladiego/node_projects/whastapp-api/src/graphql/schemas/auth/login.graphql","statementMap":{"0":{"start":{"line":2,"column":14},"end":{"line":2,"column":1001}},"1":{"start":{"line":3,"column":4},"end":{"line":3,"column":222}},"2":{"start":{"line":6,"column":16},"end":{"line":6,"column":18}},"3":{"start":{"line":8,"column":6},"end":{"line":19,"column":7}},"4":{"start":{"line":10,"column":10},"end":{"line":10,"column":61}},"5":{"start":{"line":10,"column":49},"end":{"line":10,"column":61}},"6":{"start":{"line":11,"column":21},"end":{"line":11,"column":35}},"7":{"start":{"line":12,"column":10},"end":{"line":17,"column":11}},"8":{"start":{"line":13,"column":12},"end":{"line":13,"column":25}},"9":{"start":{"line":15,"column":12},"end":{"line":15,"column":31}},"10":{"start":{"line":16,"column":12},"end":{"line":16,"column":24}},"11":{"start":{"line":23,"column":6},"end":{"line":23,"column":27}}},"fnMap":{"0":{"name":"unique","decl":{"start":{"line":7,"column":13},"end":{"line":7,"column":19}},"loc":{"start":{"line":7,"column":26},"end":{"line":20,"column":5}},"line":7},"1":{"name":"(anonymous_1)","decl":{"start":{"line":9,"column":8},"end":{"line":9,"column":9}},"loc":{"start":{"line":9,"column":22},"end":{"line":18,"column":9}},"line":9}},"branchMap":{"0":{"loc":{"start":{"line":10,"column":10},"end":{"line":10,"column":61}},"type":"if","locations":[{"start":{"line":10,"column":10},"end":{"line":10,"column":61}},{"start":{"line":10,"column":10},"end":{"line":10,"column":61}}],"line":10},"1":{"loc":{"start":{"line":12,"column":10},"end":{"line":17,"column":11}},"type":"if","locations":[{"start":{"line":12,"column":10},"end":{"line":17,"column":11}},{"start":{"line":12,"column":10},"end":{"line":17,"column":11}}],"line":12}},"s":{"0":1,"1":1,"2":1,"3":0,"4":0,"5":0,"6":0,"7":0,"8":0,"9":0,"10":0,"11":1},"f":{"0":0,"1":0},"b":{"0":[0,0],"1":[0,0]},"inputSourceMap":null,"_coverageSchema":"1a1c01bbd47fc00a2c39e90264f33305004495a9","hash":"ddc99ad0730b391322feff9568760f300469d9ae"}
,"/home/jfvilladiego/node_projects/whastapp-api/src/graphql/schemas/auth/register.graphql": {"path":"/home/jfvilladiego/node_projects/whastapp-api/src/graphql/schemas/auth/register.graphql","statementMap":{"0":{"start":{"line":2,"column":14},"end":{"line":2,"column":1188}},"1":{"start":{"line":3,"column":4},"end":{"line":3,"column":242}},"2":{"start":{"line":6,"column":16},"end":{"line":6,"column":18}},"3":{"start":{"line":8,"column":6},"end":{"line":19,"column":7}},"4":{"start":{"line":10,"column":10},"end":{"line":10,"column":61}},"5":{"start":{"line":10,"column":49},"end":{"line":10,"column":61}},"6":{"start":{"line":11,"column":21},"end":{"line":11,"column":35}},"7":{"start":{"line":12,"column":10},"end":{"line":17,"column":11}},"8":{"start":{"line":13,"column":12},"end":{"line":13,"column":25}},"9":{"start":{"line":15,"column":12},"end":{"line":15,"column":31}},"10":{"start":{"line":16,"column":12},"end":{"line":16,"column":24}},"11":{"start":{"line":23,"column":6},"end":{"line":23,"column":27}}},"fnMap":{"0":{"name":"unique","decl":{"start":{"line":7,"column":13},"end":{"line":7,"column":19}},"loc":{"start":{"line":7,"column":26},"end":{"line":20,"column":5}},"line":7},"1":{"name":"(anonymous_1)","decl":{"start":{"line":9,"column":8},"end":{"line":9,"column":9}},"loc":{"start":{"line":9,"column":22},"end":{"line":18,"column":9}},"line":9}},"branchMap":{"0":{"loc":{"start":{"line":10,"column":10},"end":{"line":10,"column":61}},"type":"if","locations":[{"start":{"line":10,"column":10},"end":{"line":10,"column":61}},{"start":{"line":10,"column":10},"end":{"line":10,"column":61}}],"line":10},"1":{"loc":{"start":{"line":12,"column":10},"end":{"line":17,"column":11}},"type":"if","locations":[{"start":{"line":12,"column":10},"end":{"line":17,"column":11}},{"start":{"line":12,"column":10},"end":{"line":17,"column":11}}],"line":12}},"s":{"0":1,"1":1,"2":1,"3":0,"4":0,"5":0,"6":0,"7":0,"8":0,"9":0,"10":0,"11":1},"f":{"0":0,"1":0},"b":{"0":[0,0],"1":[0,0]},"inputSourceMap":null,"_coverageSchema":"1a1c01bbd47fc00a2c39e90264f33305004495a9","hash":"7acae646c4a29ae9734310b68b91dbbeba84372e"}
,"/home/jfvilladiego/node_projects/whastapp-api/src/graphql/schemas/healt/healt.graphql": {"path":"/home/jfvilladiego/node_projects/whastapp-api/src/graphql/schemas/healt/healt.graphql","statementMap":{"0":{"start":{"line":2,"column":14},"end":{"line":2,"column":655}},"1":{"start":{"line":3,"column":4},"end":{"line":3,"column":194}},"2":{"start":{"line":6,"column":16},"end":{"line":6,"column":18}},"3":{"start":{"line":8,"column":6},"end":{"line":19,"column":7}},"4":{"start":{"line":10,"column":10},"end":{"line":10,"column":61}},"5":{"start":{"line":10,"column":49},"end":{"line":10,"column":61}},"6":{"start":{"line":11,"column":21},"end":{"line":11,"column":35}},"7":{"start":{"line":12,"column":10},"end":{"line":17,"column":11}},"8":{"start":{"line":13,"column":12},"end":{"line":13,"column":25}},"9":{"start":{"line":15,"column":12},"end":{"line":15,"column":31}},"10":{"start":{"line":16,"column":12},"end":{"line":16,"column":24}},"11":{"start":{"line":23,"column":6},"end":{"line":23,"column":27}}},"fnMap":{"0":{"name":"unique","decl":{"start":{"line":7,"column":13},"end":{"line":7,"column":19}},"loc":{"start":{"line":7,"column":26},"end":{"line":20,"column":5}},"line":7},"1":{"name":"(anonymous_1)","decl":{"start":{"line":9,"column":8},"end":{"line":9,"column":9}},"loc":{"start":{"line":9,"column":22},"end":{"line":18,"column":9}},"line":9}},"branchMap":{"0":{"loc":{"start":{"line":10,"column":10},"end":{"line":10,"column":61}},"type":"if","locations":[{"start":{"line":10,"column":10},"end":{"line":10,"column":61}},{"start":{"line":10,"column":10},"end":{"line":10,"column":61}}],"line":10},"1":{"loc":{"start":{"line":12,"column":10},"end":{"line":17,"column":11}},"type":"if","locations":[{"start":{"line":12,"column":10},"end":{"line":17,"column":11}},{"start":{"line":12,"column":10},"end":{"line":17,"column":11}}],"line":12}},"s":{"0":1,"1":1,"2":1,"3":0,"4":0,"5":0,"6":0,"7":0,"8":0,"9":0,"10":0,"11":1},"f":{"0":0,"1":0},"b":{"0":[0,0],"1":[0,0]},"inputSourceMap":null,"_coverageSchema":"1a1c01bbd47fc00a2c39e90264f33305004495a9","hash":"94ee87511e2b5ca2e4eec515f6d9c43fe788341a"}
,"/home/jfvilladiego/node_projects/whastapp-api/src/graphql/schemas/users/user_schema.graphql": {"path":"/home/jfvilladiego/node_projects/whastapp-api/src/graphql/schemas/users/user_schema.graphql","statementMap":{"0":{"start":{"line":2,"column":14},"end":{"line":2,"column":904}},"1":{"start":{"line":3,"column":4},"end":{"line":3,"column":178}},"2":{"start":{"line":6,"column":16},"end":{"line":6,"column":18}},"3":{"start":{"line":8,"column":6},"end":{"line":19,"column":7}},"4":{"start":{"line":10,"column":10},"end":{"line":10,"column":61}},"5":{"start":{"line":10,"column":49},"end":{"line":10,"column":61}},"6":{"start":{"line":11,"column":21},"end":{"line":11,"column":35}},"7":{"start":{"line":12,"column":10},"end":{"line":17,"column":11}},"8":{"start":{"line":13,"column":12},"end":{"line":13,"column":25}},"9":{"start":{"line":15,"column":12},"end":{"line":15,"column":31}},"10":{"start":{"line":16,"column":12},"end":{"line":16,"column":24}},"11":{"start":{"line":23,"column":6},"end":{"line":23,"column":27}}},"fnMap":{"0":{"name":"unique","decl":{"start":{"line":7,"column":13},"end":{"line":7,"column":19}},"loc":{"start":{"line":7,"column":26},"end":{"line":20,"column":5}},"line":7},"1":{"name":"(anonymous_1)","decl":{"start":{"line":9,"column":8},"end":{"line":9,"column":9}},"loc":{"start":{"line":9,"column":22},"end":{"line":18,"column":9}},"line":9}},"branchMap":{"0":{"loc":{"start":{"line":10,"column":10},"end":{"line":10,"column":61}},"type":"if","locations":[{"start":{"line":10,"column":10},"end":{"line":10,"column":61}},{"start":{"line":10,"column":10},"end":{"line":10,"column":61}}],"line":10},"1":{"loc":{"start":{"line":12,"column":10},"end":{"line":17,"column":11}},"type":"if","locations":[{"start":{"line":12,"column":10},"end":{"line":17,"column":11}},{"start":{"line":12,"column":10},"end":{"line":17,"column":11}}],"line":12}},"s":{"0":1,"1":1,"2":1,"3":0,"4":0,"5":0,"6":0,"7":0,"8":0,"9":0,"10":0,"11":1},"f":{"0":0,"1":0},"b":{"0":[0,0],"1":[0,0]},"inputSourceMap":null,"_coverageSchema":"1a1c01bbd47fc00a2c39e90264f33305004495a9","hash":"be301fc452d924ea16a20c0b34a810375261b8d9"}
,"/home/jfvilladiego/node_projects/whastapp-api/src/middlewares/auth-guard.ts": {"path":"/home/jfvilladiego/node_projects/whastapp-api/src/middlewares/auth-guard.ts","statementMap":{"0":{"start":{"line":3,"column":29},"end":{"line":9,"column":1}},"1":{"start":{"line":3,"column":44},"end":{"line":9,"column":1}},"2":{"start":{"line":4,"column":2},"end":{"line":6,"column":3}},"3":{"start":{"line":5,"column":4},"end":{"line":5,"column":40}},"4":{"start":{"line":8,"column":2},"end":{"line":8,"column":41}}},"fnMap":{"0":{"name":"(anonymous_0)","decl":{"start":{"line":3,"column":29},"end":{"line":3,"column":30}},"loc":{"start":{"line":3,"column":44},"end":{"line":9,"column":1}},"line":3},"1":{"name":"(anonymous_1)","decl":{"start":{"line":3,"column":44},"end":{"line":3,"column":45}},"loc":{"start":{"line":3,"column":95},"end":{"line":9,"column":1}},"line":3}},"branchMap":{"0":{"loc":{"start":{"line":4,"column":2},"end":{"line":6,"column":3}},"type":"if","locations":[{"start":{"line":4,"column":2},"end":{"line":6,"column":3}},{"start":{"line":4,"column":2},"end":{"line":6,"column":3}}],"line":4}},"s":{"0":1,"1":1,"2":0,"3":0,"4":0},"f":{"0":1,"1":0},"b":{"0":[0,0]},"_coverageSchema":"1a1c01bbd47fc00a2c39e90264f33305004495a9","hash":"3492d2104bbdedd3bdfcd33eae8d3e90843f25cf"}
,"/home/jfvilladiego/node_projects/whastapp-api/src/modules/auth/repositories/user_repository.ts": {"path":"/home/jfvilladiego/node_projects/whastapp-api/src/modules/auth/repositories/user_repository.ts","statementMap":{"0":{"start":{"line":16,"column":4},"end":{"line":16,"column":52}},"1":{"start":{"line":20,"column":4},"end":{"line":20,"column":32}},"2":{"start":{"line":24,"column":4},"end":{"line":24,"column":54}},"3":{"start":{"line":28,"column":4},"end":{"line":28,"column":58}},"4":{"start":{"line":32,"column":4},"end":{"line":32,"column":47}},"5":{"start":{"line":36,"column":4},"end":{"line":36,"column":52}},"6":{"start":{"line":40,"column":24},"end":{"line":40,"column":52}},"7":{"start":{"line":41,"column":4},"end":{"line":41,"column":55}},"8":{"start":{"line":42,"column":4},"end":{"line":42,"column":37}},"9":{"start":{"line":46,"column":4},"end":{"line":50,"column":6}},"10":{"start":{"line":54,"column":4},"end":{"line":64,"column":6}},"11":{"start":{"line":55,"column":6},"end":{"line":57,"column":7}},"12":{"start":{"line":56,"column":8},"end":{"line":56,"column":26}},"13":{"start":{"line":59,"column":6},"end":{"line":61,"column":7}},"14":{"start":{"line":60,"column":8},"end":{"line":60,"column":58}},"15":{"start":{"line":63,"column":6},"end":{"line":63,"column":23}},"16":{"start":{"line":68,"column":4},"end":{"line":71,"column":5}}},"fnMap":{"0":{"name":"(anonymous_0)","decl":{"start":{"line":13,"column":2},"end":{"line":13,"column":3}},"loc":{"start":{"line":13,"column":16},"end":{"line":13,"column":18}},"line":13},"1":{"name":"(anonymous_1)","decl":{"start":{"line":15,"column":2},"end":{"line":15,"column":3}},"loc":{"start":{"line":15,"column":53},"end":{"line":17,"column":3}},"line":15},"2":{"name":"(anonymous_2)","decl":{"start":{"line":19,"column":2},"end":{"line":19,"column":3}},"loc":{"start":{"line":19,"column":30},"end":{"line":21,"column":3}},"line":19},"3":{"name":"(anonymous_3)","decl":{"start":{"line":23,"column":2},"end":{"line":23,"column":3}},"loc":{"start":{"line":23,"column":60},"end":{"line":25,"column":3}},"line":23},"4":{"name":"(anonymous_4)","decl":{"start":{"line":27,"column":2},"end":{"line":27,"column":3}},"loc":{"start":{"line":27,"column":56},"end":{"line":29,"column":3}},"line":27},"5":{"name":"(anonymous_5)","decl":{"start":{"line":31,"column":2},"end":{"line":31,"column":3}},"loc":{"start":{"line":31,"column":50},"end":{"line":33,"column":3}},"line":31},"6":{"name":"(anonymous_6)","decl":{"start":{"line":35,"column":2},"end":{"line":35,"column":3}},"loc":{"start":{"line":35,"column":60},"end":{"line":37,"column":3}},"line":35},"7":{"name":"(anonymous_7)","decl":{"start":{"line":39,"column":2},"end":{"line":39,"column":3}},"loc":{"start":{"line":39,"column":82},"end":{"line":43,"column":3}},"line":39},"8":{"name":"(anonymous_8)","decl":{"start":{"line":45,"column":2},"end":{"line":45,"column":3}},"loc":{"start":{"line":45,"column":44},"end":{"line":51,"column":3}},"line":45},"9":{"name":"(anonymous_9)","decl":{"start":{"line":53,"column":2},"end":{"line":53,"column":3}},"loc":{"start":{"line":53,"column":63},"end":{"line":65,"column":3}},"line":53},"10":{"name":"(anonymous_10)","decl":{"start":{"line":54,"column":19},"end":{"line":54,"column":20}},"loc":{"start":{"line":54,"column":59},"end":{"line":64,"column":5}},"line":54},"11":{"name":"(anonymous_11)","decl":{"start":{"line":67,"column":2},"end":{"line":67,"column":3}},"loc":{"start":{"line":67,"column":51},"end":{"line":72,"column":3}},"line":67}},"branchMap":{"0":{"loc":{"start":{"line":35,"column":15},"end":{"line":35,"column":37}},"type":"default-arg","locations":[{"start":{"line":35,"column":35},"end":{"line":35,"column":37}}],"line":35},"1":{"loc":{"start":{"line":39,"column":27},"end":{"line":39,"column":39}},"type":"default-arg","locations":[{"start":{"line":39,"column":37},"end":{"line":39,"column":39}}],"line":39},"2":{"loc":{"start":{"line":55,"column":6},"end":{"line":57,"column":7}},"type":"if","locations":[{"start":{"line":55,"column":6},"end":{"line":57,"column":7}},{"start":{"line":55,"column":6},"end":{"line":57,"column":7}}],"line":55},"3":{"loc":{"start":{"line":59,"column":6},"end":{"line":61,"column":7}},"type":"if","locations":[{"start":{"line":59,"column":6},"end":{"line":61,"column":7}},{"start":{"line":59,"column":6},"end":{"line":61,"column":7}}],"line":59}},"s":{"0":0,"1":0,"2":0,"3":0,"4":0,"5":0,"6":0,"7":0,"8":0,"9":0,"10":0,"11":0,"12":0,"13":0,"14":0,"15":0,"16":0},"f":{"0":0,"1":0,"2":0,"3":0,"4":0,"5":0,"6":0,"7":0,"8":0,"9":0,"10":0,"11":0},"b":{"0":[0],"1":[0],"2":[0,0],"3":[0,0]},"_coverageSchema":"1a1c01bbd47fc00a2c39e90264f33305004495a9","hash":"e8ae00f03b5c5fff39b37092ca841039a0676e75"}
,"/home/jfvilladiego/node_projects/whastapp-api/src/modules/auth/services/auth_service.ts": {"path":"/home/jfvilladiego/node_projects/whastapp-api/src/modules/auth/services/auth_service.ts","statementMap":{"0":{"start":{"line":13,"column":32},"end":{"line":13,"column":61}},"1":{"start":{"line":14,"column":27},"end":{"line":14,"column":39}},"2":{"start":{"line":15,"column":44},"end":{"line":15,"column":62}},"3":{"start":{"line":21,"column":4},"end":{"line":31,"column":5}},"4":{"start":{"line":22,"column":27},"end":{"line":22,"column":55}},"5":{"start":{"line":23,"column":6},"end":{"line":23,"column":37}},"6":{"start":{"line":24,"column":6},"end":{"line":24,"column":68}},"7":{"start":{"line":25,"column":24},"end":{"line":25,"column":67}},"8":{"start":{"line":26,"column":6},"end":{"line":26,"column":50}},"9":{"start":{"line":28,"column":6},"end":{"line":28,"column":17}},"10":{"start":{"line":30,"column":6},"end":{"line":30,"column":17}},"11":{"start":{"line":35,"column":22},"end":{"line":35,"column":63}},"12":{"start":{"line":37,"column":4},"end":{"line":39,"column":5}},"13":{"start":{"line":38,"column":6},"end":{"line":38,"column":23}},"14":{"start":{"line":41,"column":4},"end":{"line":41,"column":16}},"15":{"start":{"line":45,"column":4},"end":{"line":70,"column":5}},"16":{"start":{"line":46,"column":24},"end":{"line":48,"column":8}},"17":{"start":{"line":50,"column":6},"end":{"line":65,"column":7}},"18":{"start":{"line":51,"column":40},"end":{"line":51,"column":53}},"19":{"start":{"line":53,"column":28},"end":{"line":56,"column":9}},"20":{"start":{"line":58,"column":8},"end":{"line":62,"column":9}},"21":{"start":{"line":59,"column":10},"end":{"line":59,"column":61}},"22":{"start":{"line":61,"column":10},"end":{"line":61,"column":23}},"23":{"start":{"line":64,"column":8},"end":{"line":64,"column":21}},"24":{"start":{"line":67,"column":6},"end":{"line":67,"column":18}},"25":{"start":{"line":69,"column":6},"end":{"line":69,"column":26}},"26":{"start":{"line":74,"column":4},"end":{"line":82,"column":5}},"27":{"start":{"line":75,"column":20},"end":{"line":77,"column":8}},"28":{"start":{"line":79,"column":6},"end":{"line":79,"column":19}},"29":{"start":{"line":81,"column":6},"end":{"line":81,"column":26}}},"fnMap":{"0":{"name":"(anonymous_0)","decl":{"start":{"line":17,"column":2},"end":{"line":17,"column":3}},"loc":{"start":{"line":18,"column":3},"end":{"line":18,"column":5}},"line":18},"1":{"name":"(anonymous_1)","decl":{"start":{"line":20,"column":2},"end":{"line":20,"column":3}},"loc":{"start":{"line":20,"column":46},"end":{"line":32,"column":3}},"line":20},"2":{"name":"(anonymous_2)","decl":{"start":{"line":34,"column":2},"end":{"line":34,"column":3}},"loc":{"start":{"line":34,"column":49},"end":{"line":42,"column":3}},"line":34},"3":{"name":"(anonymous_3)","decl":{"start":{"line":44,"column":2},"end":{"line":44,"column":3}},"loc":{"start":{"line":44,"column":44},"end":{"line":71,"column":3}},"line":44},"4":{"name":"(anonymous_4)","decl":{"start":{"line":73,"column":2},"end":{"line":73,"column":3}},"loc":{"start":{"line":73,"column":60},"end":{"line":83,"column":3}},"line":73}},"branchMap":{"0":{"loc":{"start":{"line":13,"column":32},"end":{"line":13,"column":61}},"type":"binary-expr","locations":[{"start":{"line":13,"column":32},"end":{"line":13,"column":55}},{"start":{"line":13,"column":59},"end":{"line":13,"column":61}}],"line":13},"1":{"loc":{"start":{"line":37,"column":4},"end":{"line":39,"column":5}},"type":"if","locations":[{"start":{"line":37,"column":4},"end":{"line":39,"column":5}},{"start":{"line":37,"column":4},"end":{"line":39,"column":5}}],"line":37},"2":{"loc":{"start":{"line":50,"column":6},"end":{"line":65,"column":7}},"type":"if","locations":[{"start":{"line":50,"column":6},"end":{"line":65,"column":7}},{"start":{"line":50,"column":6},"end":{"line":65,"column":7}}],"line":50},"3":{"loc":{"start":{"line":58,"column":8},"end":{"line":62,"column":9}},"type":"if","locations":[{"start":{"line":58,"column":8},"end":{"line":62,"column":9}},{"start":{"line":58,"column":8},"end":{"line":62,"column":9}}],"line":58}},"s":{"0":0,"1":0,"2":0,"3":0,"4":0,"5":0,"6":0,"7":0,"8":0,"9":0,"10":0,"11":0,"12":0,"13":0,"14":0,"15":0,"16":0,"17":0,"18":0,"19":0,"20":0,"21":0,"22":0,"23":0,"24":0,"25":0,"26":0,"27":0,"28":0,"29":0},"f":{"0":0,"1":0,"2":0,"3":0,"4":0},"b":{"0":[0,0],"1":[0,0],"2":[0,0],"3":[0,0]},"_coverageSchema":"1a1c01bbd47fc00a2c39e90264f33305004495a9","hash":"63c86f020c4234dbf8c3be7ce4ecd747cd6e666e"}
,"/home/jfvilladiego/node_projects/whastapp-api/src/modules/auth/services/password_service.ts": {"path":"/home/jfvilladiego/node_projects/whastapp-api/src/modules/auth/services/password_service.ts","statementMap":{"0":{"start":{"line":3,"column":31},"end":{"line":6,"column":1}},"1":{"start":{"line":4,"column":15},"end":{"line":4,"column":39}},"2":{"start":{"line":5,"column":2},"end":{"line":5,"column":43}},"3":{"start":{"line":8,"column":32},"end":{"line":10,"column":1}},"4":{"start":{"line":9,"column":2},"end":{"line":9,"column":61}}},"fnMap":{"0":{"name":"(anonymous_0)","decl":{"start":{"line":3,"column":31},"end":{"line":3,"column":32}},"loc":{"start":{"line":3,"column":58},"end":{"line":6,"column":1}},"line":3},"1":{"name":"(anonymous_1)","decl":{"start":{"line":8,"column":32},"end":{"line":8,"column":33}},"loc":{"start":{"line":8,"column":88},"end":{"line":10,"column":1}},"line":8}},"branchMap":{},"s":{"0":1,"1":0,"2":0,"3":1,"4":0},"f":{"0":0,"1":0},"b":{},"_coverageSchema":"1a1c01bbd47fc00a2c39e90264f33305004495a9","hash":"3c1d49c9e7b208c07386da3817cb87a861be45f6"}
,"/home/jfvilladiego/node_projects/whastapp-api/src/modules/auth/validators/user_validator.ts": {"path":"/home/jfvilladiego/node_projects/whastapp-api/src/modules/auth/validators/user_validator.ts","statementMap":{"0":{"start":{"line":20,"column":4},"end":{"line":20,"column":29}},"1":{"start":{"line":21,"column":4},"end":{"line":21,"column":21}},"2":{"start":{"line":22,"column":4},"end":{"line":22,"column":29}},"3":{"start":{"line":41,"column":23},"end":{"line":41,"column":62}},"4":{"start":{"line":42,"column":4},"end":{"line":42,"column":56}},"5":{"start":{"line":42,"column":25},"end":{"line":42,"column":56}}},"fnMap":{"0":{"name":"(anonymous_0)","decl":{"start":{"line":19,"column":2},"end":{"line":19,"column":3}},"loc":{"start":{"line":19,"column":46},"end":{"line":23,"column":3}},"line":19},"1":{"name":"(anonymous_1)","decl":{"start":{"line":40,"column":2},"end":{"line":40,"column":3}},"loc":{"start":{"line":40,"column":44},"end":{"line":43,"column":3}},"line":40}},"branchMap":{"0":{"loc":{"start":{"line":42,"column":4},"end":{"line":42,"column":56}},"type":"if","locations":[{"start":{"line":42,"column":4},"end":{"line":42,"column":56}},{"start":{"line":42,"column":4},"end":{"line":42,"column":56}}],"line":42}},"s":{"0":0,"1":0,"2":0,"3":0,"4":0,"5":0},"f":{"0":0,"1":0},"b":{"0":[0,0]},"_coverageSchema":"1a1c01bbd47fc00a2c39e90264f33305004495a9","hash":"291584a940ec333dc420f7a9d676f0528e3cd16f"}
,"/home/jfvilladiego/node_projects/whastapp-api/src/prisma/index.ts": {"path":"/home/jfvilladiego/node_projects/whastapp-api/src/prisma/index.ts","statementMap":{"0":{"start":{"line":2,"column":15},"end":{"line":4,"column":2}},"1":{"start":{"line":6,"column":28},"end":{"line":6,"column":34}}},"fnMap":{},"branchMap":{},"s":{"0":1,"1":1},"f":{},"b":{},"_coverageSchema":"1a1c01bbd47fc00a2c39e90264f33305004495a9","hash":"70b14938cab38107ddbb8b9ceb045f6a1b647c5b"}
,"/home/jfvilladiego/node_projects/whastapp-api/src/test/server_test.ts": {"path":"/home/jfvilladiego/node_projects/whastapp-api/src/test/server_test.ts","statementMap":{"0":{"start":{"line":11,"column":28},"end":{"line":27,"column":1}},"1":{"start":{"line":12,"column":2},"end":{"line":26,"column":3}},"2":{"start":{"line":13,"column":25},"end":{"line":16,"column":6}},"3":{"start":{"line":19,"column":4},"end":{"line":19,"column":31}},"4":{"start":{"line":21,"column":4},"end":{"line":23,"column":7}},"5":{"start":{"line":25,"column":4},"end":{"line":25,"column":24}},"6":{"start":{"line":31,"column":4},"end":{"line":45,"column":5}},"7":{"start":{"line":32,"column":27},"end":{"line":35,"column":8}},"8":{"start":{"line":38,"column":6},"end":{"line":38,"column":33}},"9":{"start":{"line":40,"column":6},"end":{"line":42,"column":9}},"10":{"start":{"line":44,"column":6},"end":{"line":44,"column":26}}},"fnMap":{"0":{"name":"(anonymous_0)","decl":{"start":{"line":11,"column":28},"end":{"line":11,"column":29}},"loc":{"start":{"line":11,"column":39},"end":{"line":27,"column":1}},"line":11},"1":{"name":"(anonymous_1)","decl":{"start":{"line":30,"column":2},"end":{"line":30,"column":3}},"loc":{"start":{"line":30,"column":16},"end":{"line":46,"column":3}},"line":30}},"branchMap":{},"s":{"0":1,"1":1,"2":1,"3":1,"4":1,"5":0,"6":0,"7":0,"8":0,"9":0,"10":0},"f":{"0":1,"1":0},"b":{},"_coverageSchema":"1a1c01bbd47fc00a2c39e90264f33305004495a9","hash":"9b05fd7fc75cdfe4cb61d2c17b91c9cb0958dc7e"}
,"/home/jfvilladiego/node_projects/whastapp-api/src/utils/validation_util.ts": {"path":"/home/jfvilladiego/node_projects/whastapp-api/src/utils/validation_util.ts","statementMap":{"0":{"start":{"line":2,"column":2},"end":{"line":6,"column":3}},"1":{"start":{"line":3,"column":4},"end":{"line":5,"column":5}},"2":{"start":{"line":4,"column":6},"end":{"line":4,"column":19}},"3":{"start":{"line":8,"column":2},"end":{"line":8,"column":52}}},"fnMap":{"0":{"name":"isEmpty","decl":{"start":{"line":1,"column":16},"end":{"line":1,"column":23}},"loc":{"start":{"line":1,"column":37},"end":{"line":9,"column":1}},"line":1}},"branchMap":{"0":{"loc":{"start":{"line":3,"column":4},"end":{"line":5,"column":5}},"type":"if","locations":[{"start":{"line":3,"column":4},"end":{"line":5,"column":5}},{"start":{"line":3,"column":4},"end":{"line":5,"column":5}}],"line":3}},"s":{"0":0,"1":0,"2":0,"3":0},"f":{"0":0},"b":{"0":[0,0]},"_coverageSchema":"1a1c01bbd47fc00a2c39e90264f33305004495a9","hash":"37637658312caf34096805ecb9569b6b59f34f64"}
,"/home/jfvilladiego/node_projects/whastapp-api/src/utils/handler_errors/validator_errors.ts": {"path":"/home/jfvilladiego/node_projects/whastapp-api/src/utils/handler_errors/validator_errors.ts","statementMap":{"0":{"start":{"line":8,"column":4},"end":{"line":8,"column":19}},"1":{"start":{"line":9,"column":4},"end":{"line":9,"column":106}},"2":{"start":{"line":9,"column":49},"end":{"line":9,"column":94}},"3":{"start":{"line":10,"column":4},"end":{"line":10,"column":38}},"4":{"start":{"line":11,"column":4},"end":{"line":11,"column":29}},"5":{"start":{"line":13,"column":4},"end":{"line":13,"column":29}}},"fnMap":{"0":{"name":"(anonymous_0)","decl":{"start":{"line":7,"column":2},"end":{"line":7,"column":3}},"loc":{"start":{"line":7,"column":28},"end":{"line":14,"column":3}},"line":7},"1":{"name":"(anonymous_1)","decl":{"start":{"line":9,"column":31},"end":{"line":9,"column":32}},"loc":{"start":{"line":9,"column":49},"end":{"line":9,"column":94}},"line":9}},"branchMap":{},"s":{"0":0,"1":0,"2":0,"3":0,"4":0,"5":0},"f":{"0":0,"1":0},"b":{},"_coverageSchema":"1a1c01bbd47fc00a2c39e90264f33305004495a9","hash":"2395929974a71ce4eb9718d11e4b6fbd05fc2d2b"}
,"/home/jfvilladiego/node_projects/whastapp-api/src/utils/logger/logger_util.ts": {"path":"/home/jfvilladiego/node_projects/whastapp-api/src/utils/logger/logger_util.ts","statementMap":{"0":{"start":{"line":5,"column":69},"end":{"line":5,"column":75}},"1":{"start":{"line":7,"column":15},"end":{"line":16,"column":2}},"2":{"start":{"line":13,"column":21},"end":{"line":13,"column":38}},"3":{"start":{"line":18,"column":0},"end":{"line":22,"column":1}},"4":{"start":{"line":19,"column":2},"end":{"line":19,"column":39}},"5":{"start":{"line":20,"column":7},"end":{"line":22,"column":1}},"6":{"start":{"line":21,"column":2},"end":{"line":21,"column":67}},"7":{"start":{"line":24,"column":19},"end":{"line":32,"column":1}},"8":{"start":{"line":25,"column":17},"end":{"line":25,"column":68}},"9":{"start":{"line":27,"column":2},"end":{"line":29,"column":3}},"10":{"start":{"line":28,"column":4},"end":{"line":28,"column":18}},"11":{"start":{"line":31,"column":2},"end":{"line":31,"column":17}},"12":{"start":{"line":34,"column":20},"end":{"line":40,"column":1}},"13":{"start":{"line":36,"column":49},"end":{"line":36,"column":53}},"14":{"start":{"line":37,"column":13},"end":{"line":37,"column":53}},"15":{"start":{"line":39,"column":2},"end":{"line":39,"column":105}},"16":{"start":{"line":42,"column":22},"end":{"line":48,"column":1}},"17":{"start":{"line":44,"column":17},"end":{"line":44,"column":36}},"18":{"start":{"line":46,"column":4},"end":{"line":46,"column":41}}},"fnMap":{"0":{"name":"(anonymous_0)","decl":{"start":{"line":13,"column":11},"end":{"line":13,"column":12}},"loc":{"start":{"line":13,"column":21},"end":{"line":13,"column":38}},"line":13},"1":{"name":"(anonymous_1)","decl":{"start":{"line":24,"column":19},"end":{"line":24,"column":20}},"loc":{"start":{"line":24,"column":37},"end":{"line":32,"column":1}},"line":24},"2":{"name":"(anonymous_2)","decl":{"start":{"line":34,"column":20},"end":{"line":34,"column":21}},"loc":{"start":{"line":34,"column":49},"end":{"line":40,"column":1}},"line":34},"3":{"name":"(anonymous_3)","decl":{"start":{"line":43,"column":9},"end":{"line":43,"column":10}},"loc":{"start":{"line":43,"column":27},"end":{"line":47,"column":3}},"line":43}},"branchMap":{"0":{"loc":{"start":{"line":18,"column":0},"end":{"line":22,"column":1}},"type":"if","locations":[{"start":{"line":18,"column":0},"end":{"line":22,"column":1}},{"start":{"line":18,"column":0},"end":{"line":22,"column":1}}],"line":18},"1":{"loc":{"start":{"line":20,"column":7},"end":{"line":22,"column":1}},"type":"if","locations":[{"start":{"line":20,"column":7},"end":{"line":22,"column":1}},{"start":{"line":20,"column":7},"end":{"line":22,"column":1}}],"line":20},"2":{"loc":{"start":{"line":27,"column":2},"end":{"line":29,"column":3}},"type":"if","locations":[{"start":{"line":27,"column":2},"end":{"line":29,"column":3}},{"start":{"line":27,"column":2},"end":{"line":29,"column":3}}],"line":27},"3":{"loc":{"start":{"line":27,"column":6},"end":{"line":27,"column":35}},"type":"binary-expr","locations":[{"start":{"line":27,"column":6},"end":{"line":27,"column":18}},{"start":{"line":27,"column":22},"end":{"line":27,"column":35}}],"line":27},"4":{"loc":{"start":{"line":39,"column":41},"end":{"line":39,"column":102}},"type":"cond-expr","locations":[{"start":{"line":39,"column":68},"end":{"line":39,"column":97}},{"start":{"line":39,"column":100},"end":{"line":39,"column":102}}],"line":39}},"s":{"0":1,"1":1,"2":0,"3":1,"4":1,"5":0,"6":0,"7":1,"8":0,"9":0,"10":0,"11":0,"12":1,"13":0,"14":0,"15":0,"16":1,"17":0,"18":0},"f":{"0":0,"1":0,"2":0,"3":0},"b":{"0":[1,0],"1":[0,0],"2":[0,0],"3":[0,0],"4":[0,0]},"_coverageSchema":"1a1c01bbd47fc00a2c39e90264f33305004495a9","hash":"357800e42a6423e7dcf9c81f57cd50f51adcad01"}
}
